27.06.2022 16:13:21
Account UC Alekseevskaya has been created in AD
Account UC Dmitrovskaya has been created in AD
Account UC Sokol has been created in AD
Account UC Domodedovo has been created in AD
Account UC Peredelkino has been created in AD
Account UC Kuzminki has been created in AD
Account UC Mytichi has been created in AD
Account UC Sviblovo has been created in AD
Account UC Krylatskoe has been created in AD
Account UC YugoZapad has been created in AD
Account UC Aeroport has been created in AD
Account UC Shodnya has been created in AD
Account UC Khimki has been created in AD
Account UC OrekhovoZuevo has been created in AD
Account UC NizhniyNovgorod has been created in AD
Account UC Troitsk has been created in AD
Account UC Stavropol has been created in AD
Account UC Samara has been created in AD
Account UC Krasnodar has been created in AD
Account UC Novocherkassk has been created in AD
Account UC Zapadny has been created in AD
Account UC Centralny has been created in AD
Account UC Taganrog has been created in AD
Account UC Petergof has been created in AD
Account UC Nevskiy has been created in AD
Account UC Primorskiy has been created in AD
Account UC Pushkin has been created in AD
Account UC Marfino has been created in AD
Account UC Centralny exist in Active Directory
Account UC Prostornaya has been created in AD
Account UC Gulliver has been created in AD
Account UC Balashikha has been created in AD
Account UC Izmailovo has been created in AD
Account UC Uralsk has been created in AD
Account UC Armavir has been created in AD
Account UC Zhulebino has been created in AD
Account UC Rimskaya has been created in AD
Account UC Aktau has been created in AD
Account UC Atyrau has been created in AD
Account UC Shchukinskaya has been created in AD
Account UC KhodynkaKidz has been created in AD
Account UC Khodynka has been created in AD
Account UC Cherkessk has been created in AD
Account UC Elektrostal has been created in AD
Account UC Shakhty has been created in AD
Account UC Sterlitamak has been created in AD
Account UC Ufa has been created in AD
